<?xml version="1.0" encoding="UTF-8"?>
<testng-results skipped="0" failed="0" ignored="0" total="1" passed="1">
  <reporter-output>
  </reporter-output>
  <suite name="Default suite" duration-ms="26724" started-at="2020-05-06T05:37:47Z" finished-at="2020-05-06T05:38:13Z">
    <groups>
      <group name="cucumber">
        <method signature="Runner.feature(cucumber.api.testng.CucumberFeatureWrapper)[pri:0, instance:com.capgemini.snapdealproject.runner.Runner@7e0b0338]" name="feature" class="com.capgemini.snapdealproject.runner.Runner"/>
      </group> <!-- cucumber -->
    </groups>
    <test name="Default test" duration-ms="26724" started-at="2020-05-06T05:37:47Z" finished-at="2020-05-06T05:38:13Z">
      <class name="com.capgemini.snapdealproject.runner.Runner">
        <test-method status="PASS" signature="setUpClass()[pri:0, instance:com.capgemini.snapdealproject.runner.Runner@7e0b0338]" name="setUpClass" is-config="true" duration-ms="391" started-at="2020-05-06T05:37:47Z" finished-at="2020-05-06T05:37:47Z">
          <reporter-output>
          </reporter-output>
        </test-method> <!-- setUpClass -->
        <test-method status="PASS" signature="feature(cucumber.api.testng.CucumberFeatureWrapper)[pri:0, instance:com.capgemini.snapdealproject.runner.Runner@7e0b0338]" name="feature" duration-ms="26150" started-at="2020-05-06T05:37:47Z" description="Runs Cucumber Feature" data-provider="features" finished-at="2020-05-06T05:38:13Z">
          <params>
            <param index="0">
              <value>
                <![CDATA[enter snapdeal url]]>
              </value>
            </param>
          </params>
          <reporter-output>
          </reporter-output>
        </test-method> <!-- feature -->
        <test-method status="PASS" signature="testDownclass()[pri:0, instance:com.capgemini.snapdealproject.runner.Runner@7e0b0338]" name="testDownclass" is-config="true" duration-ms="38" started-at="2020-05-06T05:38:13Z" finished-at="2020-05-06T05:38:13Z">
          <reporter-output>
          </reporter-output>
        </test-method> <!-- testDownclass -->
      </class> <!-- com.capgemini.snapdealproject.runner.Runner -->
    </test> <!-- Default test -->
  </suite> <!-- Default suite -->
</testng-results>
